[debug] [2022-05-28T15:42:32.675Z] ----------------------------------------------------------------------
[debug] [2022-05-28T15:42:32.681Z] Command:       C:\Program Files\nodejs\node.exe C:\Users\hp\AppData\Roaming\npm\node_modules\firebase-tools\lib\bin\firebase.js deploy
[debug] [2022-05-28T15:42:32.682Z] CLI Version:   11.0.0
[debug] [2022-05-28T15:42:32.683Z] Platform:      win32
[debug] [2022-05-28T15:42:32.683Z] Node Version:  v18.2.0
[debug] [2022-05-28T15:42:32.690Z] Time:          Sat May 28 2022 21:42:32 GMT+0600 (Bangladesh Standard Time)
[debug] [2022-05-28T15:42:32.690Z] ----------------------------------------------------------------------
[debug] 
[debug] [2022-05-28T15:42:32.919Z] > command requires scopes: ["email","openid","https://www.googleapis.com/auth/cloudplatformprojects.readonly","https://www.googleapis.com/auth/firebase","https://www.googleapis.com/auth/cloud-platform"]
[debug] [2022-05-28T15:42:32.919Z] > authorizing via signed-in user (princehasan16216@gmail.com)
[debug] [2022-05-28T15:42:32.920Z] [iam] checking project electro-8d48b for permissions ["firebase.projects.get","firebasehosting.sites.update"]
[debug] [2022-05-28T15:42:32.923Z] > refreshing access token with scopes: []
[debug] [2022-05-28T15:42:32.924Z] >>> HTTP REQUEST POST https://www.googleapis.com/oauth2/v3/token  
 <request body omitted>
[debug] [2022-05-28T15:42:34.168Z] <<< HTTP RESPONSE 200 {"pragma":"no-cache","expires":"Mon, 01 Jan 1990 00:00:00 GMT","cache-control":"no-cache, no-store, max-age=0, must-revalidate","date":"Sat, 28 May 2022 15:42:34 GMT","content-type":"application/json; charset=utf-8","vary":"X-Origin, Referer, Origin,Accept-Encoding","server":"scaffolding on HTTPServer2","x-xss-protection":"0","x-frame-options":"SAMEORIGIN","x-content-type-options":"nosniff","alt-svc":"h3=\":443\"; ma=2592000,h3-29=\":443\"; ma=2592000,h3-Q050=\":443\"; ma=2592000,h3-Q046=\":443\"; ma=2592000,h3-Q043=\":443\"; ma=2592000,quic=\":443\"; ma=2592000; v=\"46,43\"","accept-ranges":"none","transfer-encoding":"chunked"}
[debug] [2022-05-28T15:42:34.232Z] >>> [apiv2][query] POST https://cloudresourcemanager.googleapis.com/v1/projects/electro-8d48b:testIamPermissions [none]
[debug] [2022-05-28T15:42:34.234Z] >>> [apiv2][body] POST https://cloudresourcemanager.googleapis.com/v1/projects/electro-8d48b:testIamPermissions {"permissions":["firebase.projects.get","firebasehosting.sites.update"]}
[debug] [2022-05-28T15:42:35.992Z] <<< [apiv2][status] POST https://cloudresourcemanager.googleapis.com/v1/projects/electro-8d48b:testIamPermissions 200
[debug] [2022-05-28T15:42:35.993Z] <<< [apiv2][body] POST https://cloudresourcemanager.googleapis.com/v1/projects/electro-8d48b:testIamPermissions {"permissions":["firebase.projects.get","firebasehosting.sites.update"]}
[debug] [2022-05-28T15:42:36.000Z] >>> [apiv2][query] GET https://firebase.googleapis.com/v1beta1/projects/electro-8d48b [none]
[debug] [2022-05-28T15:42:37.513Z] <<< [apiv2][status] GET https://firebase.googleapis.com/v1beta1/projects/electro-8d48b 200
[debug] [2022-05-28T15:42:37.514Z] <<< [apiv2][body] GET https://firebase.googleapis.com/v1beta1/projects/electro-8d48b {"projectId":"electro-8d48b","projectNumber":"729408926369","displayName":"electro","name":"projects/electro-8d48b","resources":{"hostingSite":"electro-8d48b"},"state":"ACTIVE"}
[info] 
[info] === Deploying to 'electro-8d48b'...
[info] 
[info] i  deploying hosting 
[debug] [2022-05-28T15:42:37.533Z] >>> [apiv2][query] GET https://firebase.googleapis.com/v1beta1/projects/electro-8d48b [none]
[debug] [2022-05-28T15:42:38.473Z] <<< [apiv2][status] GET https://firebase.googleapis.com/v1beta1/projects/electro-8d48b 200
[debug] [2022-05-28T15:42:38.474Z] <<< [apiv2][body] GET https://firebase.googleapis.com/v1beta1/projects/electro-8d48b {"projectId":"electro-8d48b","projectNumber":"729408926369","displayName":"electro","name":"projects/electro-8d48b","resources":{"hostingSite":"electro-8d48b"},"state":"ACTIVE"}
[debug] [2022-05-28T15:42:38.496Z] >>> [apiv2][query] POST https://firebasehosting.googleapis.com/v1beta1/projects/729408926369/sites/electro-8d48b/versions [none]
[debug] [2022-05-28T15:42:38.497Z] >>> [apiv2][body] POST https://firebasehosting.googleapis.com/v1beta1/projects/729408926369/sites/electro-8d48b/versions {"config":{"rewrites":[{"glob":"**","path":"/index.html"}]},"labels":{"deployment-tool":"cli-firebase"}}
[debug] [2022-05-28T15:42:40.820Z] <<< [apiv2][status] POST https://firebasehosting.googleapis.com/v1beta1/projects/729408926369/sites/electro-8d48b/versions 200
[debug] [2022-05-28T15:42:40.821Z] <<< [apiv2][body] POST https://firebasehosting.googleapis.com/v1beta1/projects/729408926369/sites/electro-8d48b/versions {"name":"projects/729408926369/sites/electro-8d48b/versions/e108206c2ee25fb3","status":"CREATED","config":{"rewrites":[{"glob":"**","path":"/index.html"}]},"labels":{"deployment-tool":"cli-firebase"}}
[info] i  hosting[electro-8d48b]: beginning deploy... 
[info] i  hosting[electro-8d48b]: found 17 files in build 
[debug] [2022-05-28T15:42:41.051Z] [hosting] uploading with 200 concurrency
[debug] [2022-05-28T15:42:45.294Z] [hosting] hash cache [YnVpbGQ] stored for 17 files
[debug] [2022-05-28T15:42:45.294Z] [hosting][hash queue][FINAL] {"max":4189,"min":23,"avg":361.94117647058823,"active":0,"complete":17,"success":17,"errored":0,"retried":0,"total":17,"elapsed":4227}
[debug] [2022-05-28T15:42:45.295Z] >>> [apiv2][query] POST https://firebasehosting.googleapis.com/v1beta1/projects/729408926369/sites/electro-8d48b/versions/e108206c2ee25fb3:populateFiles [none]
[debug] [2022-05-28T15:42:45.295Z] >>> [apiv2][body] POST https://firebasehosting.googleapis.com/v1beta1/projects/729408926369/sites/electro-8d48b/versions/e108206c2ee25fb3:populateFiles {"files":{"/favicon.ico":"eae62e993eb980ec8a25058c39d5a51feab118bd2100c4deebb2a9c158ec11f9","/logo192.png":"3ee59515172ee198f3be375979df15ac5345183e656720a381b8872b2a39dc8b","/logo512.png":"ee7e2f3fdb8209c4b6fd7bef6ba50d1b9dba30a25bb5c3126df057e1cb6f5331","/manifest.json":"aff3449bdc238776f5d6d967f19ec491b36aed5fb7f23ccff6500736fd58494a","/robots.txt":"bfe106a3fb878dc83461c86818bf74fc1bdc7f28538ba613cd3e775516ce8b49","/service.json":"e4c57bb437f8b1e796a8066d7d1ec73062eb52437298af829132ae098b99c994","/asset-manifest.json":"35419be1fe5ac341964b9489bd6d35d7e5bfa776bc236e8ba636fa618049c3bc","/index.html":"e153a303404852a3143130a8df4ab255b0c7f5d9df9884c0f2bc0867d2b518cc","/static/js/787.fd6e9650.chunk.js":"21bc913d4621c5069b087819d2ff2964efad486907186c4d973119f04af67fc2","/static/css/main.70d0f79d.css.map":"4e2b5b69c3adacf67216caf5286db8d2bf36b457c6118714d2f554aee54c6cd6","/static/js/787.fd6e9650.chunk.js.map":"9d0817b87f1b39ce20f085a10b021e353d97e1080be02f3498222d24b3a1f797","/static/js/main.5b70f602.js.LICENSE.txt":"9fc11873fb68a0e19709423431ebb205aac248d12e73c6085f3a48b78ca87394","/static/media/logo.6ce24c58023cc2f8fd88fe9d219db6c6.svg":"ac1a3d8899432561573d6a5cf56459437c09b902599a1deb91c0f8d4bb40459d","/static/css/main.70d0f79d.css":"289e607d0fa801b41f27ab42dae50811dbcabc098a6086e191e69104dd63f20d","/static/js/main.5b70f602.js":"18da6578092532002e1027b88b64bcd986db11e0f502489d595b041944239a16","/static/media/bg1.1e5531899eb6906605fc.png":"99fa66112135e848ee002a7cb2cd653fc40e6f6534cbdf31c0be5bf23038bed8","/static/js/main.5b70f602.js.map":"a3428b173475072e9178c50aecf1d19fe679df4f7d369fff64b6f6d20b35ced6"}}
[debug] [2022-05-28T15:42:52.101Z] <<< [apiv2][status] POST https://firebasehosting.googleapis.com/v1beta1/projects/729408926369/sites/electro-8d48b/versions/e108206c2ee25fb3:populateFiles 200
[debug] [2022-05-28T15:42:52.102Z] <<< [apiv2][body] POST https://firebasehosting.googleapis.com/v1beta1/projects/729408926369/sites/electro-8d48b/versions/e108206c2ee25fb3:populateFiles {"uploadRequiredHashes":["a3428b173475072e9178c50aecf1d19fe679df4f7d369fff64b6f6d20b35ced6","e153a303404852a3143130a8df4ab255b0c7f5d9df9884c0f2bc0867d2b518cc","18da6578092532002e1027b88b64bcd986db11e0f502489d595b041944239a16","35419be1fe5ac341964b9489bd6d35d7e5bfa776bc236e8ba636fa618049c3bc"],"uploadUrl":"https://upload-firebasehosting.googleapis.com/upload/sites/electro-8d48b/versions/e108206c2ee25fb3/files"}
[debug] [2022-05-28T15:42:52.106Z] >>> [apiv2][query] POST https://upload-firebasehosting.googleapis.com/upload/sites/electro-8d48b/versions/e108206c2ee25fb3/files/a3428b173475072e9178c50aecf1d19fe679df4f7d369fff64b6f6d20b35ced6 [none]
[debug] [2022-05-28T15:42:52.106Z] >>> [apiv2][body] POST https://upload-firebasehosting.googleapis.com/upload/sites/electro-8d48b/versions/e108206c2ee25fb3/files/a3428b173475072e9178c50aecf1d19fe679df4f7d369fff64b6f6d20b35ced6 [stream]
[debug] [2022-05-28T15:42:52.110Z] >>> [apiv2][query] POST https://upload-firebasehosting.googleapis.com/upload/sites/electro-8d48b/versions/e108206c2ee25fb3/files/e153a303404852a3143130a8df4ab255b0c7f5d9df9884c0f2bc0867d2b518cc [none]
[debug] [2022-05-28T15:42:52.111Z] >>> [apiv2][body] POST https://upload-firebasehosting.googleapis.com/upload/sites/electro-8d48b/versions/e108206c2ee25fb3/files/e153a303404852a3143130a8df4ab255b0c7f5d9df9884c0f2bc0867d2b518cc [stream]
[debug] [2022-05-28T15:42:52.116Z] >>> [apiv2][query] POST https://upload-firebasehosting.googleapis.com/upload/sites/electro-8d48b/versions/e108206c2ee25fb3/files/18da6578092532002e1027b88b64bcd986db11e0f502489d595b041944239a16 [none]
[debug] [2022-05-28T15:42:52.117Z] >>> [apiv2][body] POST https://upload-firebasehosting.googleapis.com/upload/sites/electro-8d48b/versions/e108206c2ee25fb3/files/18da6578092532002e1027b88b64bcd986db11e0f502489d595b041944239a16 [stream]
[debug] [2022-05-28T15:42:52.122Z] >>> [apiv2][query] POST https://upload-firebasehosting.googleapis.com/upload/sites/electro-8d48b/versions/e108206c2ee25fb3/files/35419be1fe5ac341964b9489bd6d35d7e5bfa776bc236e8ba636fa618049c3bc [none]
[debug] [2022-05-28T15:42:52.122Z] >>> [apiv2][body] POST https://upload-firebasehosting.googleapis.com/upload/sites/electro-8d48b/versions/e108206c2ee25fb3/files/35419be1fe5ac341964b9489bd6d35d7e5bfa776bc236e8ba636fa618049c3bc [stream]
[debug] [2022-05-28T15:42:52.128Z] [hosting][populate queue][FINAL] {"max":6813,"min":6813,"avg":6813,"active":0,"complete":1,"success":1,"errored":0,"retried":0,"total":1,"elapsed":6837}
[debug] [2022-05-28T15:42:52.130Z] [hosting] uploads queued: 4
[debug] [2022-05-28T15:42:55.053Z] <<< [apiv2][status] POST https://upload-firebasehosting.googleapis.com/upload/sites/electro-8d48b/versions/e108206c2ee25fb3/files/35419be1fe5ac341964b9489bd6d35d7e5bfa776bc236e8ba636fa618049c3bc 200
[debug] [2022-05-28T15:42:55.054Z] <<< [apiv2][body] POST https://upload-firebasehosting.googleapis.com/upload/sites/electro-8d48b/versions/e108206c2ee25fb3/files/35419be1fe5ac341964b9489bd6d35d7e5bfa776bc236e8ba636fa618049c3bc [stream]
[debug] [2022-05-28T15:42:55.514Z] <<< [apiv2][status] POST https://upload-firebasehosting.googleapis.com/upload/sites/electro-8d48b/versions/e108206c2ee25fb3/files/18da6578092532002e1027b88b64bcd986db11e0f502489d595b041944239a16 200
[debug] [2022-05-28T15:42:55.515Z] <<< [apiv2][body] POST https://upload-firebasehosting.googleapis.com/upload/sites/electro-8d48b/versions/e108206c2ee25fb3/files/18da6578092532002e1027b88b64bcd986db11e0f502489d595b041944239a16 [stream]
[debug] [2022-05-28T15:42:55.752Z] <<< [apiv2][status] POST https://upload-firebasehosting.googleapis.com/upload/sites/electro-8d48b/versions/e108206c2ee25fb3/files/e153a303404852a3143130a8df4ab255b0c7f5d9df9884c0f2bc0867d2b518cc 200
[debug] [2022-05-28T15:42:55.752Z] <<< [apiv2][body] POST https://upload-firebasehosting.googleapis.com/upload/sites/electro-8d48b/versions/e108206c2ee25fb3/files/e153a303404852a3143130a8df4ab255b0c7f5d9df9884c0f2bc0867d2b518cc [stream]
